# JRE version: OpenJDK Runtime Environment Temurin-17.0.7+7 (17.0.7+7) (build 17.0.7+7)
# Java VM: OpenJDK 64-Bit Server VM Temurin-17.0.7+7 (17.0.7+7, mixed mode, emulated-client, tiered, compressed oops, compressed class ptrs, g1 gc, windows-amd64)
GC Precious Log:
 CPUs: 8 total, 8 available
 Memory: 7585M
 Large Page Support: Disabled
 NUMA Support: Disabled
 Compressed Oops: Enabled (Zero based)
 Heap Region Size: 2M
 Heap Min Capacity: 512M
 Heap Initial Capacity: 512M
 Heap Max Capacity: 4G
 Pre-touch: Disabled
 Parallel Workers: 8
 Concurrent Workers: 2
 Concurrent Refinement Workers: 8
 Periodic GC: Disabled
Heap:
 garbage-first heap   total 561152K, used 220993K [0x0000000700000000, 0x0000000800000000)
  region size 2048K, 12 young (24576K), 12 survivors (24576K)
 Metaspace       used 64327K, committed 65024K, reserved 1114112K
  class space    used 8669K, committed 9024K, reserved 1048576K
GC Heap History (20 events):
Event: 5330.484 GC heap after
{Heap after GC invocations=157 (full 0):
 garbage-first heap   total 593920K, used 174877K [0x0000000700000000, 0x0000000800000000)
  region size 2048K, 3 young (6144K), 3 survivors (6144K)
 Metaspace       used 64303K, committed 65024K, reserved 1114112K
  class space    used 8664K, committed 9024K, reserved 1048576K
}
Event: 5331.455 GC heap before
{Heap before GC invocations=157 (full 0):
 garbage-first heap   total 593920K, used 344861K [0x0000000700000000, 0x0000000800000000)
  region size 2048K, 87 young (178176K), 3 survivors (6144K)
 Metaspace       used 64303K, committed 65024K, reserved 1114112K
  class space    used 8664K, committed 9024K, reserved 1048576K
}
Event: 5331.496 GC heap after
{Heap after GC invocations=158 (full 0):
 garbage-first heap   total 593920K, used 215697K [0x0000000700000000, 0x0000000800000000)
  region size 2048K, 14 young (28672K), 14 survivors (28672K)
 Metaspace       used 64303K, committed 65024K, reserved 1114112K
  class space    used 8664K, committed 9024K, reserved 1048576K
}
Event: 5333.186 GC heap before
{Heap before GC invocations=159 (full 0):
 garbage-first heap   total 540672K, used 346970K [0x0000000700000000, 0x0000000800000000)
  region size 2048K, 111 young (227328K), 14 survivors (28672K)
 Metaspace       used 64303K, committed 65024K, reserved 1114112K
  class space    used 8664K, committed 9024K, reserved 1048576K
}
Event: 5333.261 GC heap after
{Heap after GC invocations=160 (full 0):
 garbage-first heap   total 540672K, used 197957K [0x0000000700000000, 0x0000000800000000)
  region size 2048K, 14 young (28672K), 14 survivors (28672K)
 Metaspace       used 64303K, committed 65024K, reserved 1114112K
  class space    used 8664K, committed 9024K, reserved 1048576K
}
Event: 5333.280 GC heap before
{Heap before GC invocations=160 (full 0):
 garbage-first heap   total 540672K, used 200005K [0x0000000700000000, 0x0000000800000000)
  region size 2048K, 15 young (30720K), 14 survivors (28672K)
 Metaspace       used 64303K, committed 65024K, reserved 1114112K
  class space    used 8664K, committed 9024K, reserved 1048576K
}
Event: 5333.336 GC heap after
{Heap after GC invocations=161 (full 0):
 garbage-first heap   total 1622016K, used 184817K [0x0000000700000000, 0x0000000800000000)
  region size 2048K, 1 young (2048K), 1 survivors (2048K)
 Metaspace       used 64303K, committed 65024K, reserved 1114112K
  class space    used 8664K, committed 9024K, reserved 1048576K
}
Event: 5334.195 GC heap before
{Heap before GC invocations=161 (full 0):
 garbage-first heap   total 1622016K, used 301553K [0x0000000700000000, 0x0000000800000000)
  region size 2048K, 59 young (120832K), 1 survivors (2048K)
 Metaspace       used 64303K, committed 65024K, reserved 1114112K
  class space    used 8664K, committed 9024K, reserved 1048576K
}
Event: 5334.228 GC heap after
{Heap after GC invocations=162 (full 0):
 garbage-first heap   total 1622016K, used 214607K [0x0000000700000000, 0x0000000800000000)
  region size 2048K, 15 young (30720K), 15 survivors (30720K)
 Metaspace       used 64303K, committed 65024K, reserved 1114112K
  class space    used 8664K, committed 9024K, reserved 1048576K
}
Event: 6541.430 GC heap before
{Heap before GC invocations=163 (full 0):
 garbage-first heap   total 561152K, used 443124K [0x0000000700000000, 0x0000000800000000)
  region size 2048K, 159 young (325632K), 15 survivors (30720K)
 Metaspace       used 64318K, committed 65024K, reserved 1114112K
  class space    used 8667K, committed 9024K, reserved 1048576K
}
Event: 6541.725 GC heap after
{Heap after GC invocations=164 (full 0):
 garbage-first heap   total 561152K, used 196748K [0x0000000700000000, 0x0000000800000000)
  region size 2048K, 38 young (77824K), 38 survivors (77824K)
 Metaspace       used 64318K, committed 65024K, reserved 1114112K
  class space    used 8667K, committed 9024K, reserved 1048576K
}
Event: 6541.737 GC heap before
{Heap before GC invocations=164 (full 0):
 garbage-first heap   total 561152K, used 198796K [0x0000000700000000, 0x0000000800000000)
  region size 2048K, 39 young (79872K), 38 survivors (77824K)
 Metaspace       used 64318K, committed 65024K, reserved 1114112K
  class space    used 8667K, committed 9024K, reserved 1048576K
}
Event: 6541.843 GC heap after
{Heap after GC invocations=165 (full 0):
 garbage-first heap   total 561152K, used 177820K [0x0000000700000000, 0x0000000800000000)
  region size 2048K, 2 young (4096K), 2 survivors (4096K)
 Metaspace       used 64318K, committed 65024K, reserved 1114112K
  class space    used 8667K, committed 9024K, reserved 1048576K
}
Event: 6542.915 GC heap before
{Heap before GC invocations=165 (full 0):
 garbage-first heap   total 561152K, used 304796K [0x0000000700000000, 0x0000000800000000)
  region size 2048K, 65 young (133120K), 2 survivors (4096K)
 Metaspace       used 64318K, committed 65024K, reserved 1114112K
  class space    used 8667K, committed 9024K, reserved 1048576K
}
Event: 6542.965 GC heap after
{Heap after GC invocations=166 (full 0):
 garbage-first heap   total 561152K, used 209920K [0x0000000700000000, 0x0000000800000000)
  region size 2048K, 13 young (26624K), 13 survivors (26624K)
 Metaspace       used 64318K, committed 65024K, reserved 1114112K
  class space    used 8667K, committed 9024K, reserved 1048576K
}
Event: 6544.987 GC heap before
{Heap before GC invocations=167 (full 0):
 garbage-first heap   total 561152K, used 347136K [0x0000000700000000, 0x0000000800000000)
  region size 2048K, 103 young (210944K), 13 survivors (26624K)
 Metaspace       used 64304K, committed 65024K, reserved 1114112K
  class space    used 8665K, committed 9024K, reserved 1048576K
}
Event: 6545.072 GC heap after
{Heap after GC invocations=168 (full 0):
 garbage-first heap   total 561152K, used 216441K [0x0000000700000000, 0x0000000800000000)
  region size 2048K, 13 young (26624K), 13 survivors (26624K)
 Metaspace       used 64304K, committed 65024K, reserved 1114112K
  class space    used 8665K, committed 9024K, reserved 1048576K
}
Event: 6545.085 GC heap before
{Heap before GC invocations=168 (full 0):
 garbage-first heap   total 561152K, used 218489K [0x0000000700000000, 0x0000000800000000)
  region size 2048K, 14 young (28672K), 13 survivors (26624K)
 Metaspace       used 64304K, committed 65024K, reserved 1114112K
  class space    used 8665K, committed 9024K, reserved 1048576K
}
Event: 6545.154 GC heap after
{Heap after GC invocations=169 (full 0):
 garbage-first heap   total 561152K, used 190338K [0x0000000700000000, 0x0000000800000000)
  region size 2048K, 1 young (2048K), 1 survivors (2048K)
 Metaspace       used 64304K, committed 65024K, reserved 1114112K
  class space    used 8665K, committed 9024K, reserved 1048576K
}
Event: 6545.816 GC heap before
{Heap before GC invocations=169 (full 0):
 garbage-first heap   total 561152K, used 302978K [0x0000000700000000, 0x0000000800000000)
  region size 2048K, 57 young (116736K), 1 survivors (2048K)
 Metaspace       used 64327K, committed 65024K, reserved 1114112K
  class space    used 8669K, committed 9024K, reserved 1048576K
}

